<?xml version="1.0" encoding="UTF-8"?>
<!-- Generated by org.testng.reporters.JUnitXMLReporter -->
<testsuite ignored="0" hostname="LAPTOP-ITFBKBJ4" failures="0" tests="4" name="Testng" time="45.414" errors="0" timestamp="2021-06-14T19:15:14 EDT">
  <testcase classname="testLayer.LoginTest" name="Title" time="0.021"/>
  <testcase classname="testLayer.LoginTest" name="Login" time="3.091"/>
  <testcase classname="testLayer.LoginTest" name="Login" time="3.087"/>
  <testcase classname="testLayer.LoginTest" name="Login" time="3.071"/>
</testsuite> <!-- Testng -->
