<?xml version="1.0" encoding="UTF-8"?>
<!-- Generated by org.testng.reporters.JUnitXMLReporter -->
<testsuite ignored="0" hostname="LAPTOP-ITFBKBJ4" failures="0" tests="4" name="Default test" time="50.488" errors="0" timestamp="2021-06-14T18:59:29 EDT">
  <testcase classname="testLayer.LoginTest" name="Title" time="0.028"/>
  <testcase classname="testLayer.LoginTest" name="Login" time="3.18"/>
  <testcase classname="testLayer.LoginTest" name="Login" time="3.094"/>
  <testcase classname="testLayer.LoginTest" name="Login" time="3.076"/>
</testsuite> <!-- Default test -->
