<?xml version="1.0" encoding="UTF-8"?>
<testng-results ignored="0" total="4" passed="4" failed="0" skipped="0">
  <reporter-output>
  </reporter-output>
  <suite started-at="2021-06-14T19:14:28 EDT" name="OrangeHRM" finished-at="2021-06-14T19:15:14 EDT" duration-ms="45414">
    <groups>
    </groups>
    <test started-at="2021-06-14T19:14:28 EDT" name="Testng" finished-at="2021-06-14T19:15:14 EDT" duration-ms="45414">
      <class name="testLayer.LoginTest">
        <test-method is-config="true" signature="initsetup()[pri:0, instance:testLayer.LoginTest@481a996b]" started-at="2021-06-14T19:14:28 EDT" name="initsetup" finished-at="2021-06-14T19:14:38 EDT" duration-ms="9456" status="PASS">
          <reporter-output>
          </reporter-output>
        </test-method> <!-- initsetup -->
        <test-method signature="Title()[pri:1, instance:testLayer.LoginTest@481a996b]" started-at="2021-06-14T19:14:38 EDT" name="Title" finished-at="2021-06-14T19:14:38 EDT" duration-ms="21" status="PASS">
          <reporter-output>
          </reporter-output>
        </test-method> <!-- Title -->
        <test-method is-config="true" signature="close()[pri:0, instance:testLayer.LoginTest@481a996b]" started-at="2021-06-14T19:14:38 EDT" name="close" finished-at="2021-06-14T19:14:39 EDT" duration-ms="1142" status="PASS">
          <reporter-output>
          </reporter-output>
        </test-method> <!-- close -->
        <test-method is-config="true" signature="initsetup()[pri:0, instance:testLayer.LoginTest@481a996b]" started-at="2021-06-14T19:14:40 EDT" name="initsetup" finished-at="2021-06-14T19:14:47 EDT" duration-ms="7206" status="PASS">
          <reporter-output>
          </reporter-output>
        </test-method> <!-- initsetup -->
        <test-method signature="Login(java.lang.String,java.lang.String)[pri:2, instance:testLayer.LoginTest@481a996b]" started-at="2021-06-14T19:14:47 EDT" name="Login" data-provider="Details" finished-at="2021-06-14T19:14:50 EDT" duration-ms="3091" status="PASS">
          <params>
            <param index="0">
              <value>
                <![CDATA[Admin]]>
              </value>
            </param>
            <param index="1">
              <value>
                <![CDATA[Abc123]]>
              </value>
            </param>
          </params>
          <reporter-output>
          </reporter-output>
        </test-method> <!-- Login -->
        <test-method is-config="true" signature="close()[pri:0, instance:testLayer.LoginTest@481a996b]" started-at="2021-06-14T19:14:50 EDT" name="close" finished-at="2021-06-14T19:14:51 EDT" duration-ms="1009" status="PASS">
          <reporter-output>
          </reporter-output>
        </test-method> <!-- close -->
        <test-method is-config="true" signature="initsetup()[pri:0, instance:testLayer.LoginTest@481a996b]" started-at="2021-06-14T19:14:51 EDT" name="initsetup" finished-at="2021-06-14T19:14:58 EDT" duration-ms="6697" status="PASS">
          <reporter-output>
          </reporter-output>
        </test-method> <!-- initsetup -->
        <test-method signature="Login(java.lang.String,java.lang.String)[pri:2, instance:testLayer.LoginTest@481a996b]" started-at="2021-06-14T19:14:58 EDT" name="Login" data-provider="Details" finished-at="2021-06-14T19:15:01 EDT" duration-ms="3087" status="PASS">
          <params>
            <param index="0">
              <value>
                <![CDATA[Admin]]>
              </value>
            </param>
            <param index="1">
              <value>
                <![CDATA[Pqr123]]>
              </value>
            </param>
          </params>
          <reporter-output>
          </reporter-output>
        </test-method> <!-- Login -->
        <test-method is-config="true" signature="close()[pri:0, instance:testLayer.LoginTest@481a996b]" started-at="2021-06-14T19:15:01 EDT" name="close" finished-at="2021-06-14T19:15:02 EDT" duration-ms="989" status="PASS">
          <reporter-output>
          </reporter-output>
        </test-method> <!-- close -->
        <test-method is-config="true" signature="initsetup()[pri:0, instance:testLayer.LoginTest@481a996b]" started-at="2021-06-14T19:15:02 EDT" name="initsetup" finished-at="2021-06-14T19:15:09 EDT" duration-ms="7517" status="PASS">
          <reporter-output>
          </reporter-output>
        </test-method> <!-- initsetup -->
        <test-method signature="Login(java.lang.String,java.lang.String)[pri:2, instance:testLayer.LoginTest@481a996b]" started-at="2021-06-14T19:15:09 EDT" name="Login" data-provider="Details" finished-at="2021-06-14T19:15:12 EDT" duration-ms="3071" status="PASS">
          <params>
            <param index="0">
              <value>
                <![CDATA[Scott]]>
              </value>
            </param>
            <param index="1">
              <value>
                <![CDATA[xyz]]>
              </value>
            </param>
          </params>
          <reporter-output>
          </reporter-output>
        </test-method> <!-- Login -->
        <test-method is-config="true" signature="close()[pri:0, instance:testLayer.LoginTest@481a996b]" started-at="2021-06-14T19:15:12 EDT" name="close" finished-at="2021-06-14T19:15:14 EDT" duration-ms="1084" status="PASS">
          <reporter-output>
          </reporter-output>
        </test-method> <!-- close -->
      </class> <!-- testLayer.LoginTest -->
    </test> <!-- Testng -->
  </suite> <!-- OrangeHRM -->
</testng-results>
